<?xml version="1.0" encoding="UTF-8"?>
<testsuite name="simulation.Vector2DTest" tests="10" skipped="0" failures="0" errors="0" timestamp="2021-12-13T21:29:03" hostname="localhost.localdomain" time="0.092">
  <properties/>
  <testcase name="3" classname="simulation.Vector2DTest" time="0.044"/>
  <testcase name="4" classname="simulation.Vector2DTest" time="0.002"/>
  <testcase name="5" classname="simulation.Vector2DTest" time="0.001"/>
  <testcase name="8" classname="simulation.Vector2DTest" time="0.001"/>
  <testcase name="14" classname="simulation.Vector2DTest" time="0.002"/>
  <testcase name="Subtract: Should print (0, 1)" classname="simulation.Vector2DTest" time="0.02"/>
  <testcase name="toString: Should check all items in the list" classname="simulation.Vector2DTest" time="0.01"/>
  <testcase name="toString: Should print (1, 2)" classname="simulation.Vector2DTest" time="0.001"/>
  <testcase name="Opposite: Should print (-1, -2)" classname="simulation.Vector2DTest" time="0.001"/>
  <testcase name="Add: Should print (2, 3)" classname="simulation.Vector2DTest" time="0.001"/>
  <system-out><![CDATA[@BeforeEach
@AfterEach
@BeforeEach
@AfterEach
@BeforeEach
@AfterEach
@BeforeEach
@AfterEach
@BeforeEach
@AfterEach
@BeforeEach
@AfterEach
@BeforeEach
@AfterEach
@BeforeEach
@AfterEach
@BeforeEach
@AfterEach
@BeforeEach
@AfterEach
]]></system-out>
  <system-err><![CDATA[]]></system-err>
</testsuite>
